0 info it worked if it ends with ok
1 verbose cli [ '/usr/local/Cellar/node/4.1.0/bin/node',
1 verbose cli   '/usr/local/bin/npm',
1 verbose cli   'install',
1 verbose cli   '--save-dev',
1 verbose cli   'responsive-modular-scale' ]
2 info using npm@2.14.4
3 info using node@v4.1.0
4 verbose install initial load of /Users/JollyRancher/Documents/projects/ammarj/package.json
5 verbose installManyTop reading scoped package data from /Users/JollyRancher/Documents/projects/ammarj/node_modules/body-parser/package.json
6 verbose installManyTop reading scoped package data from /Users/JollyRancher/Documents/projects/ammarj/node_modules/cookie-parser/package.json
7 verbose installManyTop reading scoped package data from /Users/JollyRancher/Documents/projects/ammarj/node_modules/debug/package.json
8 verbose installManyTop reading scoped package data from /Users/JollyRancher/Documents/projects/ammarj/node_modules/express/package.json
9 verbose installManyTop reading scoped package data from /Users/JollyRancher/Documents/projects/ammarj/node_modules/jade/package.json
10 verbose installManyTop reading scoped package data from /Users/JollyRancher/Documents/projects/ammarj/node_modules/modularscale-sass/package.json
11 verbose installManyTop reading scoped package data from /Users/JollyRancher/Documents/projects/ammarj/node_modules/morgan/package.json
12 verbose installManyTop reading scoped package data from /Users/JollyRancher/Documents/projects/ammarj/node_modules/node-sass/package.json
13 verbose installManyTop reading scoped package data from /Users/JollyRancher/Documents/projects/ammarj/node_modules/node-sass-middleware/package.json
14 verbose installManyTop reading scoped package data from /Users/JollyRancher/Documents/projects/ammarj/node_modules/serve-favicon/package.json
15 info package.json node-sass-middleware@0.9.6 No license field.
16 verbose readDependencies loading dependencies from /Users/JollyRancher/Documents/projects/ammarj/package.json
17 silly cache add args [ 'responsive-modular-scale', null ]
18 verbose cache add spec responsive-modular-scale
19 silly cache add parsed spec Result {
19 silly cache add   raw: 'responsive-modular-scale',
19 silly cache add   scope: null,
19 silly cache add   name: 'responsive-modular-scale',
19 silly cache add   rawSpec: '',
19 silly cache add   spec: '*',
19 silly cache add   type: 'range' }
20 silly addNamed responsive-modular-scale@*
21 verbose addNamed "*" is a valid semver range for responsive-modular-scale
22 silly addNameRange { name: 'responsive-modular-scale', range: '*', hasData: false }
23 silly mapToRegistry name responsive-modular-scale
24 silly mapToRegistry using default registry
25 silly mapToRegistry registry https://registry.npmjs.org/
26 silly mapToRegistry uri https://registry.npmjs.org/responsive-modular-scale
27 verbose addNameRange registry:https://registry.npmjs.org/responsive-modular-scale not in flight; fetching
28 verbose request uri https://registry.npmjs.org/responsive-modular-scale
29 verbose request no auth needed
30 info attempt registry request try #1 at 22:37:03
31 verbose request id b2c08ed057deec9d
32 http request GET https://registry.npmjs.org/responsive-modular-scale
33 http 404 https://registry.npmjs.org/responsive-modular-scale
34 verbose headers { 'content-type': 'application/json',
34 verbose headers   'cache-control': 'max-age=0',
34 verbose headers   'content-length': '2',
34 verbose headers   'accept-ranges': 'bytes',
34 verbose headers   date: 'Thu, 24 Sep 2015 02:37:04 GMT',
34 verbose headers   via: '1.1 varnish',
34 verbose headers   age: '0',
34 verbose headers   connection: 'keep-alive',
34 verbose headers   'x-served-by': 'cache-dfw1833-DFW',
34 verbose headers   'x-cache': 'MISS',
34 verbose headers   'x-cache-hits': '0',
34 verbose headers   'x-timer': 'S1443062224.552629,VS0,VE50' }
35 silly get cb [ 404,
35 silly get   { 'content-type': 'application/json',
35 silly get     'cache-control': 'max-age=0',
35 silly get     'content-length': '2',
35 silly get     'accept-ranges': 'bytes',
35 silly get     date: 'Thu, 24 Sep 2015 02:37:04 GMT',
35 silly get     via: '1.1 varnish',
35 silly get     age: '0',
35 silly get     connection: 'keep-alive',
35 silly get     'x-served-by': 'cache-dfw1833-DFW',
35 silly get     'x-cache': 'MISS',
35 silly get     'x-cache-hits': '0',
35 silly get     'x-timer': 'S1443062224.552629,VS0,VE50' } ]
36 verbose stack Error: Registry returned 404 for GET on https://registry.npmjs.org/responsive-modular-scale
36 verbose stack     at makeError (/usr/local/lib/node_modules/npm/node_modules/npm-registry-client/lib/request.js:263:12)
36 verbose stack     at CachingRegistryClient.<anonymous> (/usr/local/lib/node_modules/npm/node_modules/npm-registry-client/lib/request.js:241:14)
36 verbose stack     at Request._callback (/usr/local/lib/node_modules/npm/node_modules/npm-registry-client/lib/request.js:171:14)
36 verbose stack     at Request.self.callback (/usr/local/lib/node_modules/npm/node_modules/request/request.js:198:22)
36 verbose stack     at emitTwo (events.js:87:13)
36 verbose stack     at Request.emit (events.js:172:7)
36 verbose stack     at Request.<anonymous> (/usr/local/lib/node_modules/npm/node_modules/request/request.js:1073:14)
36 verbose stack     at emitOne (events.js:82:20)
36 verbose stack     at Request.emit (events.js:169:7)
36 verbose stack     at IncomingMessage.<anonymous> (/usr/local/lib/node_modules/npm/node_modules/request/request.js:1019:12)
37 verbose statusCode 404
38 verbose pkgid responsive-modular-scale
39 verbose cwd /Users/JollyRancher/Documents/projects/ammarj
40 error Darwin 14.5.0
41 error argv "/usr/local/Cellar/node/4.1.0/bin/node" "/usr/local/bin/npm" "install" "--save-dev" "responsive-modular-scale"
42 error node v4.1.0
43 error npm  v2.14.4
44 error code E404
45 error 404 Registry returned 404 for GET on https://registry.npmjs.org/responsive-modular-scale
45 error 404
45 error 404 'responsive-modular-scale' is not in the npm registry.
45 error 404 You should bug the author to publish it (or use the name yourself!)
45 error 404 It was specified as a dependency of 'ammarj'
45 error 404
45 error 404 Note that you can also install from a
45 error 404 tarball, folder, http url, or git url.
46 verbose exit [ 1, true ]
